<?xml version="1.0" encoding="UTF-8"?>
<!-- Generated by org.testng.reporters.JUnitXMLReporter -->
<testsuite hostname="DESKTOP-CIVOR0E" ignored="0" name="Default test" tests="1" failures="1" timestamp="2019-12-05T19:13:02 IST" time="35.344" errors="0">
  <testcase name="runScenario" time="33.863" classname="cucumber.api.testng.AbstractTestNGCucumberTests">
    <failure type="java.lang.NullPointerException">
      <![CDATA[java.lang.NullPointerException
at stepDefinitions.LoginSteps.i_launch_the_amazon_app_and_landing_screen_appears(LoginSteps.java:25)
at ✽.I launch the amazon app and landing screen appears(src\test\java\features\AmazonScenario.feature:7)
]]>
    </failure>
  </testcase> <!-- runScenario -->
</testsuite> <!-- Default test -->
