<?xml version="1.0" encoding="UTF-8"?>
<testng-results skipped="0" failed="1" ignored="0" total="1" passed="0">
  <reporter-output>
  </reporter-output>
  <suite name="Default suite" duration-ms="35344" started-at="2019-12-05T19:12:27 IST" finished-at="2019-12-05T19:13:02 IST">
    <groups>
      <group name="cucumber">
        <method signature="AbstractTestNGCucumberTests.runScenario(cucumber.api.testng.PickleEventWrapper, cucumber.api.testng.CucumberFeatureWrapper)[pri:0, instance:runner.TestRunner@3043fe0e]" name="runScenario" class="cucumber.api.testng.AbstractTestNGCucumberTests"/>
      </group> <!-- cucumber -->
    </groups>
    <test name="Default test" duration-ms="35344" started-at="2019-12-05T19:12:27 IST" finished-at="2019-12-05T19:13:02 IST">
      <class name="runner.TestRunner">
        <test-method status="PASS" signature="setUpClass()[pri:0, instance:runner.TestRunner@3043fe0e]" name="setUpClass" is-config="true" duration-ms="290" started-at="2019-12-05T19:12:27 IST" finished-at="2019-12-05T19:12:27 IST">
          <reporter-output>
          </reporter-output>
        </test-method> <!-- setUpClass -->
        <test-method status="FAIL" signature="runScenario(cucumber.api.testng.PickleEventWrapper, cucumber.api.testng.CucumberFeatureWrapper)[pri:0, instance:runner.TestRunner@3043fe0e]" name="runScenario" duration-ms="33863" started-at="2019-12-05T19:12:27 IST" description="Runs Cucumber Scenarios" data-provider="scenarios" finished-at="2019-12-05T19:13:01 IST">
          <params>
            <param index="0">
              <value>
                <![CDATA["Login to amazon mobile application and search for an item and add to cart and purchase it"]]>
              </value>
            </param>
            <param index="1">
              <value>
                <![CDATA["Login to amazon mobile application and search for an item and add to cart and purchase it"]]>
              </value>
            </param>
          </params>
          <exception class="java.lang.NullPointerException">
            <full-stacktrace>
              <![CDATA[java.lang.NullPointerException
at stepDefinitions.LoginSteps.i_launch_the_amazon_app_and_landing_screen_appears(LoginSteps.java:25)
at ✽.I launch the amazon app and landing screen appears(src\test\java\features\AmazonScenario.feature:7)
]]>
            </full-stacktrace>
          </exception> <!-- java.lang.NullPointerException -->
          <reporter-output>
          </reporter-output>
        </test-method> <!-- runScenario -->
        <test-method status="PASS" signature="tearDownClass()[pri:0, instance:runner.TestRunner@3043fe0e]" name="tearDownClass" is-config="true" duration-ms="931" started-at="2019-12-05T19:13:01 IST" finished-at="2019-12-05T19:13:02 IST">
          <reporter-output>
          </reporter-output>
        </test-method> <!-- tearDownClass -->
      </class> <!-- runner.TestRunner -->
    </test> <!-- Default test -->
  </suite> <!-- Default suite -->
</testng-results>
