<?xml version="1.0" encoding="UTF-8"?>
<!-- Generated by org.testng.reporters.JUnitReportReporter -->
<testsuite skipped="0" hostname="DESKTOP-CIVOR0E" name="runner.TestRunner" tests="1" failures="0" timestamp="2019-12-06T03:35:48 IST" time="204.323" errors="1">
  <testcase name="runScenario" time="204.323" classname="runner.TestRunner">
    <error type="org.openqa.selenium.NoSuchElementException" message="An element could not be located on the page using the given search parameters.
For documentation on this error, please visit: https://www.seleniumhq.org/exceptions/no_such_element.html
Build info: version: &#039;3.141.59&#039;, revision: &#039;e82be7d358&#039;, time: &#039;2018-11-14T08:17:03&#039;
System info: host: &#039;DESKTOP-CIVOR0E&#039;, ip: &#039;192.168.1.2&#039;, os.name: &#039;Windows 10&#039;, os.arch: &#039;amd64&#039;, os.version: &#039;10.0&#039;, java.version: &#039;1.8.0_221&#039;
Driver info: io.appium.java_client.AppiumDriver
Capabilities {app: C:\Users\rohit\eclipse-work..., appActivity: com.amazon.mShop.home.HomeA..., appPackage: com.amazon.mShop.android.sh..., autoAcceptAlerts: true, automationName: UiAutomator2, databaseEnabled: false, desired: {app: C:\Users\rohit\eclipse-work..., appActivity: com.amazon.mShop.home.HomeA..., appPackage: com.amazon.mShop.android.sh..., autoAcceptAlerts: true, automationName: UiAutomator2, deviceName: emulator-5554, newCommandTimeout: 120, noReset: true, platformName: android, platformVersion: 9.0, resetKeyboard: true, unicodeKeyboard: true}, deviceApiLevel: 28, deviceManufacturer: Google, deviceModel: AOSP on IA Emulator, deviceName: emulator-5554, deviceScreenDensity: 400, deviceScreenSize: 1080x2160, deviceUDID: emulator-5554, javascriptEnabled: true, locationContextEnabled: false, networkConnectionEnabled: true, newCommandTimeout: 120, noReset: true, pixelRatio: 2.5, platform: LINUX, platformName: LINUX, platformVersion: 9, resetKeyboard: true, statBarHeight: 60, takesScreenshot: true, unicodeKeyboard: true, viewportRect: {height: 1980, left: 0, top: 60, width: 1080}, warnings: {}, webStorageEnabled: false}
Session ID: 873956fa-10ff-4ada-8921-27cf9f397e3e
*** Element info: {Using=xpath, value=//android.widget.Button[contains(text(),&#039;Country/Region&#039;)]}">
      <![CDATA[org.openqa.selenium.NoSuchElementException: An element could not be located on the page using the given search parameters.
For documentation on this error, please visit: https://www.seleniumhq.org/exceptions/no_such_element.html
Build info: version: '3.141.59', revision: 'e82be7d358', time: '2018-11-14T08:17:03'
System info: host: 'DESKTOP-CIVOR0E', ip: '192.168.1.2', os.name: 'Windows 10', os.arch: 'amd64', os.version: '10.0', java.version: '1.8.0_221'
Driver info: io.appium.java_client.AppiumDriver
Capabilities {app: C:\Users\rohit\eclipse-work..., appActivity: com.amazon.mShop.home.HomeA..., appPackage: com.amazon.mShop.android.sh..., autoAcceptAlerts: true, automationName: UiAutomator2, databaseEnabled: false, desired: {app: C:\Users\rohit\eclipse-work..., appActivity: com.amazon.mShop.home.HomeA..., appPackage: com.amazon.mShop.android.sh..., autoAcceptAlerts: true, automationName: UiAutomator2, deviceName: emulator-5554, newCommandTimeout: 120, noReset: true, platformName: android, platformVersion: 9.0, resetKeyboard: true, unicodeKeyboard: true}, deviceApiLevel: 28, deviceManufacturer: Google, deviceModel: AOSP on IA Emulator, deviceName: emulator-5554, deviceScreenDensity: 400, deviceScreenSize: 1080x2160, deviceUDID: emulator-5554, javascriptEnabled: true, locationContextEnabled: false, networkConnectionEnabled: true, newCommandTimeout: 120, noReset: true, pixelRatio: 2.5, platform: LINUX, platformName: LINUX, platformVersion: 9, resetKeyboard: true, statBarHeight: 60, takesScreenshot: true, unicodeKeyboard: true, viewportRect: {height: 1980, left: 0, top: 60, width: 1080}, warnings: {}, webStorageEnabled: false}
Session ID: 873956fa-10ff-4ada-8921-27cf9f397e3e
*** Element info: {Using=xpath, value=//android.widget.Button[contains(text(),'Country/Region')]}
at sun.reflect.NativeConstructorAccessorImpl.newInstance0(Native Method)
at sun.reflect.NativeConstructorAccessorImpl.newInstance(Unknown Source)
at sun.reflect.DelegatingConstructorAccessorImpl.newInstance(Unknown Source)
at java.lang.reflect.Constructor.newInstance(Unknown Source)
at org.openqa.selenium.remote.http.W3CHttpResponseCodec.createException(W3CHttpResponseCodec.java:187)
at org.openqa.selenium.remote.http.W3CHttpResponseCodec.decode(W3CHttpResponseCodec.java:122)
at org.openqa.selenium.remote.http.W3CHttpResponseCodec.decode(W3CHttpResponseCodec.java:49)
at org.openqa.selenium.remote.HttpCommandExecutor.execute(HttpCommandExecutor.java:158)
at io.appium.java_client.remote.AppiumCommandExecutor.execute(AppiumCommandExecutor.java:231)
at org.openqa.selenium.remote.RemoteWebDriver.execute(RemoteWebDriver.java:552)
at io.appium.java_client.DefaultGenericMobileDriver.execute(DefaultGenericMobileDriver.java:42)
at io.appium.java_client.AppiumDriver.execute(AppiumDriver.java:1)
at org.openqa.selenium.remote.RemoteWebDriver.findElement(RemoteWebDriver.java:323)
at io.appium.java_client.DefaultGenericMobileDriver.findElement(DefaultGenericMobileDriver.java:62)
at io.appium.java_client.AppiumDriver.findElement(AppiumDriver.java:1)
at org.openqa.selenium.remote.RemoteWebDriver.findElementByXPath(RemoteWebDriver.java:428)
at io.appium.java_client.DefaultGenericMobileDriver.findElementByXPath(DefaultGenericMobileDriver.java:152)
at io.appium.java_client.AppiumDriver.findElementByXPath(AppiumDriver.java:1)
at org.openqa.selenium.By$ByXPath.findElement(By.java:353)
at org.openqa.selenium.remote.RemoteWebDriver.findElement(RemoteWebDriver.java:315)
at io.appium.java_client.DefaultGenericMobileDriver.findElement(DefaultGenericMobileDriver.java:58)
at io.appium.java_client.AppiumDriver.findElement(AppiumDriver.java:1)
at base.BasePage.isDisplayed(BasePage.java:263)
at pages.HomePage.selectCountyRegion(HomePage.java:62)
at stepDefinitions.HomePageSteps.i_selected_countries_regions_as_and_tap_on_Done_button_to_navigate_to_Dashboard_page(HomePageSteps.java:28)
at ✽.I selected countries/regions as "Australia" and tap on Done button to navigate to Dashboard page(src\test\java\features\AmazonScenario2.feature:13)
]]>
    </error>
  </testcase> <!-- runScenario -->
</testsuite> <!-- runner.TestRunner -->
