<?xml version="1.0" encoding="UTF-8"?>
<!-- Generated by org.testng.reporters.JUnitReportReporter -->
<testsuite skipped="0" hostname="DESKTOP-CIVOR0E" name="runner.TestRunner" tests="1" failures="0" timestamp="2019-12-05T19:13:04 IST" time="33.863" errors="1">
  <testcase name="runScenario" time="33.863" classname="runner.TestRunner">
    <error type="java.lang.NullPointerException">
      <![CDATA[java.lang.NullPointerException
at stepDefinitions.LoginSteps.i_launch_the_amazon_app_and_landing_screen_appears(LoginSteps.java:25)
at ✽.I launch the amazon app and landing screen appears(src\test\java\features\AmazonScenario.feature:7)
]]>
    </error>
  </testcase> <!-- runScenario -->
</testsuite> <!-- runner.TestRunner -->
